<?xml version="1.0" encoding="UTF-8"?>
<coverage generated="1565861053420" clover="3.2.0">
  <project timestamp="1565861053420" name="All files">
    <metrics statements="43" coveredstatements="41" conditionals="15" coveredconditionals="11" methods="7" coveredmethods="6" elements="65" coveredelements="58" complexity="0" loc="43" ncloc="43" packages="1" files="1" classes="1"/>
    <file name="_intermediate.js" path="C:\Users\Administrator\Desktop\题目\中级题目\static\_intermediate.js">
      <metrics statements="43" coveredstatements="41" conditionals="15" coveredconditionals="11" methods="7" coveredmethods="6"/>
      <line num="1" count="1" type="stmt"/>
      <line num="2" count="1" type="stmt"/>
      <line num="4" count="1" type="stmt"/>
      <line num="6" count="1" type="stmt"/>
      <line num="11" count="1" type="stmt"/>
      <line num="23" count="10" type="stmt"/>
      <line num="24" count="22" type="cond" truecount="1" falsecount="1"/>
      <line num="25" count="0" type="stmt"/>
      <line num="37" count="20" type="stmt"/>
      <line num="38" count="46" type="cond" truecount="2" falsecount="0"/>
      <line num="39" count="21" type="stmt"/>
      <line num="44" count="1" type="cond" truecount="0" falsecount="1"/>
      <line num="45" count="14" type="stmt"/>
      <line num="46" count="14" type="stmt"/>
      <line num="47" count="14" type="stmt"/>
      <line num="48" count="14" type="stmt"/>
      <line num="51" count="14" type="cond" truecount="2" falsecount="0"/>
      <line num="52" count="4" type="stmt"/>
      <line num="53" count="4" type="stmt"/>
      <line num="56" count="10" type="stmt"/>
      <line num="59" count="10" type="stmt"/>
      <line num="74" count="10" type="stmt"/>
      <line num="75" count="10" type="cond" truecount="2" falsecount="0"/>
      <line num="76" count="4" type="stmt"/>
      <line num="79" count="6" type="cond" truecount="1" falsecount="1"/>
      <line num="80" count="6" type="stmt"/>
      <line num="85" count="10" type="stmt"/>
      <line num="86" count="10" type="cond" truecount="2" falsecount="0"/>
      <line num="87" count="8" type="stmt"/>
      <line num="91" count="2" type="stmt"/>
      <line num="92" count="2" type="stmt"/>
      <line num="93" count="27" type="stmt"/>
      <line num="95" count="2" type="stmt"/>
      <line num="96" count="2" type="stmt"/>
      <line num="97" count="2" type="stmt"/>
      <line num="98" count="2" type="stmt"/>
      <line num="101" count="2" type="stmt"/>
      <line num="102" count="2" type="stmt"/>
      <line num="103" count="2" type="stmt"/>
      <line num="104" count="2" type="stmt"/>
      <line num="106" count="2" type="stmt"/>
      <line num="114" count="0" type="stmt"/>
      <line num="116" count="2" type="stmt"/>
    </file>
  </project>
</coverage>
