{"C:\\Users\\Administrator\\Desktop\\题目\\中级题目\\static\\_intermediate.js": {"path":"C:\\Users\\Administrator\\Desktop\\题目\\中级题目\\static\\_intermediate.js","statementMap":{"0":{"start":{"line":1,"column":15},"end":{"line":1,"column":32}},"1":{"start":{"line":2,"column":14},"end":{"line":2,"column":30}},"2":{"start":{"line":4,"column":12},"end":{"line":4,"column":44}},"3":{"start":{"line":6,"column":23},"end":{"line":10,"column":1}},"4":{"start":{"line":11,"column":21},"end":{"line":14,"column":1}},"5":{"start":{"line":23,"column":4},"end":{"line":27,"column":7}},"6":{"start":{"line":24,"column":8},"end":{"line":26,"column":9}},"7":{"start":{"line":25,"column":12},"end":{"line":25,"column":44}},"8":{"start":{"line":37,"column":4},"end":{"line":41,"column":7}},"9":{"start":{"line":38,"column":8},"end":{"line":40,"column":9}},"10":{"start":{"line":39,"column":12},"end":{"line":39,"column":51}},"11":{"start":{"line":44,"column":0},"end":{"line":118,"column":2}},"12":{"start":{"line":45,"column":18},"end":{"line":45,"column":28}},"13":{"start":{"line":46,"column":17},"end":{"line":46,"column":27}},"14":{"start":{"line":47,"column":21},"end":{"line":47,"column":23}},"15":{"start":{"line":48,"column":19},"end":{"line":48,"column":32}},"16":{"start":{"line":51,"column":4},"end":{"line":54,"column":5}},"17":{"start":{"line":52,"column":8},"end":{"line":52,"column":33}},"18":{"start":{"line":53,"column":8},"end":{"line":53,"column":14}},"19":{"start":{"line":56,"column":4},"end":{"line":56,"column":63}},"20":{"start":{"line":59,"column":16},"end":{"line":72,"column":5}},"21":{"start":{"line":74,"column":4},"end":{"line":74,"column":64}},"22":{"start":{"line":75,"column":4},"end":{"line":84,"column":5}},"23":{"start":{"line":76,"column":8},"end":{"line":78,"column":10}},"24":{"start":{"line":79,"column":11},"end":{"line":84,"column":5}},"25":{"start":{"line":80,"column":8},"end":{"line":83,"column":10}},"26":{"start":{"line":85,"column":4},"end":{"line":85,"column":57}},"27":{"start":{"line":86,"column":4},"end":{"line":88,"column":5}},"28":{"start":{"line":87,"column":8},"end":{"line":87,"column":38}},"29":{"start":{"line":91,"column":18},"end":{"line":91,"column":20}},"30":{"start":{"line":92,"column":4},"end":{"line":94,"column":5}},"31":{"start":{"line":93,"column":8},"end":{"line":93,"column":41}},"32":{"start":{"line":95,"column":4},"end":{"line":95,"column":18}},"33":{"start":{"line":96,"column":18},"end":{"line":96,"column":35}},"34":{"start":{"line":97,"column":4},"end":{"line":97,"column":36}},"35":{"start":{"line":98,"column":17},"end":{"line":100,"column":25}},"36":{"start":{"line":101,"column":22},"end":{"line":101,"column":46}},"37":{"start":{"line":102,"column":18},"end":{"line":102,"column":44}},"38":{"start":{"line":103,"column":4},"end":{"line":103,"column":28}},"39":{"start":{"line":104,"column":4},"end":{"line":104,"column":32}},"40":{"start":{"line":106,"column":4},"end":{"line":117,"column":7}},"41":{"start":{"line":114,"column":8},"end":{"line":114,"column":27}},"42":{"start":{"line":116,"column":8},"end":{"line":116,"column":34}}},"fnMap":{"0":{"name":"paddingFieldFun","decl":{"start":{"line":22,"column":9},"end":{"line":22,"column":24}},"loc":{"start":{"line":22,"column":59},"end":{"line":28,"column":1}},"line":22},"1":{"name":"(anonymous_1)","decl":{"start":{"line":23,"column":24},"end":{"line":23,"column":25}},"loc":{"start":{"line":23,"column":34},"end":{"line":27,"column":5}},"line":23},"2":{"name":"configRequiredFun","decl":{"start":{"line":36,"column":9},"end":{"line":36,"column":26}},"loc":{"start":{"line":36,"column":65},"end":{"line":42,"column":1}},"line":36},"3":{"name":"(anonymous_3)","decl":{"start":{"line":37,"column":25},"end":{"line":37,"column":26}},"loc":{"start":{"line":37,"column":35},"end":{"line":41,"column":5}},"line":37},"4":{"name":"(anonymous_4)","decl":{"start":{"line":44,"column":17},"end":{"line":44,"column":18}},"loc":{"start":{"line":44,"column":44},"end":{"line":118,"column":1}},"line":44},"5":{"name":"(anonymous_5)","decl":{"start":{"line":113,"column":12},"end":{"line":113,"column":13}},"loc":{"start":{"line":113,"column":21},"end":{"line":115,"column":5}},"line":113},"6":{"name":"(anonymous_6)","decl":{"start":{"line":115,"column":13},"end":{"line":115,"column":14}},"loc":{"start":{"line":115,"column":22},"end":{"line":117,"column":5}},"line":115}},"branchMap":{"0":{"loc":{"start":{"line":24,"column":8},"end":{"line":26,"column":9}},"type":"if","locations":[{"start":{"line":24,"column":8},"end":{"line":26,"column":9}},{"start":{"line":24,"column":8},"end":{"line":26,"column":9}}],"line":24},"1":{"loc":{"start":{"line":38,"column":8},"end":{"line":40,"column":9}},"type":"if","locations":[{"start":{"line":38,"column":8},"end":{"line":40,"column":9}},{"start":{"line":38,"column":8},"end":{"line":40,"column":9}}],"line":38},"2":{"loc":{"start":{"line":44,"column":27},"end":{"line":44,"column":38}},"type":"default-arg","locations":[{"start":{"line":44,"column":36},"end":{"line":44,"column":38}}],"line":44},"3":{"loc":{"start":{"line":51,"column":4},"end":{"line":54,"column":5}},"type":"if","locations":[{"start":{"line":51,"column":4},"end":{"line":54,"column":5}},{"start":{"line":51,"column":4},"end":{"line":54,"column":5}}],"line":51},"4":{"loc":{"start":{"line":65,"column":21},"end":{"line":65,"column":87}},"type":"cond-expr","locations":[{"start":{"line":65,"column":65},"end":{"line":65,"column":66}},{"start":{"line":65,"column":69},"end":{"line":65,"column":87}}],"line":65},"5":{"loc":{"start":{"line":75,"column":4},"end":{"line":84,"column":5}},"type":"if","locations":[{"start":{"line":75,"column":4},"end":{"line":84,"column":5}},{"start":{"line":75,"column":4},"end":{"line":84,"column":5}}],"line":75},"6":{"loc":{"start":{"line":79,"column":11},"end":{"line":84,"column":5}},"type":"if","locations":[{"start":{"line":79,"column":11},"end":{"line":84,"column":5}},{"start":{"line":79,"column":11},"end":{"line":84,"column":5}}],"line":79},"7":{"loc":{"start":{"line":86,"column":4},"end":{"line":88,"column":5}},"type":"if","locations":[{"start":{"line":86,"column":4},"end":{"line":88,"column":5}},{"start":{"line":86,"column":4},"end":{"line":88,"column":5}}],"line":86}},"s":{"0":1,"1":1,"2":1,"3":1,"4":1,"5":10,"6":22,"7":0,"8":20,"9":46,"10":21,"11":1,"12":14,"13":14,"14":14,"15":14,"16":14,"17":4,"18":4,"19":10,"20":10,"21":10,"22":10,"23":4,"24":6,"25":6,"26":10,"27":10,"28":8,"29":2,"30":2,"31":27,"32":2,"33":2,"34":2,"35":2,"36":2,"37":2,"38":2,"39":2,"40":2,"41":0,"42":2},"f":{"0":10,"1":22,"2":20,"3":46,"4":14,"5":0,"6":2},"b":{"0":[0,22],"1":[21,25],"2":[0],"3":[4,10],"4":[10,0],"5":[4,6],"6":[6,0],"7":[8,2]},"_coverageSchema":"43e27e138ebf9cfc5966b082cf9a028302ed4184","hash":"c57de1aec56d711a44b2241306ea241acdbeb7e1"}
}
