TN:
SF:C:\Users\Administrator\Desktop\题目\中级题目\static\_intermediate.js
FN:22,paddingFieldFun
FN:23,(anonymous_1)
FN:36,configRequiredFun
FN:37,(anonymous_3)
FN:44,(anonymous_4)
FN:113,(anonymous_5)
FN:115,(anonymous_6)
FNF:7
FNH:6
FNDA:10,paddingFieldFun
FNDA:22,(anonymous_1)
FNDA:20,configRequiredFun
FNDA:46,(anonymous_3)
FNDA:14,(anonymous_4)
FNDA:0,(anonymous_5)
FNDA:2,(anonymous_6)
DA:1,1
DA:2,1
DA:4,1
DA:6,1
DA:11,1
DA:23,10
DA:24,22
DA:25,0
DA:37,20
DA:38,46
DA:39,21
DA:44,1
DA:45,14
DA:46,14
DA:47,14
DA:48,14
DA:51,14
DA:52,4
DA:53,4
DA:56,10
DA:59,10
DA:74,10
DA:75,10
DA:76,4
DA:79,6
DA:80,6
DA:85,10
DA:86,10
DA:87,8
DA:91,2
DA:92,2
DA:93,27
DA:95,2
DA:96,2
DA:97,2
DA:98,2
DA:101,2
DA:102,2
DA:103,2
DA:104,2
DA:106,2
DA:114,0
DA:116,2
LF:43
LH:41
BRDA:24,0,0,0
BRDA:24,0,1,22
BRDA:38,1,0,21
BRDA:38,1,1,25
BRDA:44,2,0,0
BRDA:51,3,0,4
BRDA:51,3,1,10
BRDA:65,4,0,10
BRDA:65,4,1,0
BRDA:75,5,0,4
BRDA:75,5,1,6
BRDA:79,6,0,6
BRDA:79,6,1,0
BRDA:86,7,0,8
BRDA:86,7,1,2
BRF:15
BRH:11
end_of_record
